<?xml version="1.0" encoding="UTF-8" ?>
<testsuite failures="0" time="3.678" errors="0" skipped="0" tests="6" name="com.payment.application.ApplicationServiceIntegrationalTest">
  <properties>
[...]
</properties>
  <testcase time="3.222" classname="com.payment.application.ApplicationServiceIntegrationalTest" name="testChangeEntityName"/>
  <testcase time="0.09" classname="com.payment.application.ApplicationServiceIntegrationalTest" name="testGetPaymentWithRepeatableNamesWhenNamesEqualsDifferentOtherFields"/>
  <testcase time="0.008" classname="com.payment.application.ApplicationServiceIntegrationalTest" name="testGetPaymentWithRepeatableNames"/>
  <testcase time="0.01" classname="com.payment.application.ApplicationServiceIntegrationalTest" name="testGetPaymentWithRepeatableNamesNoRecords"/>
  <testcase time="0.008" classname="com.payment.application.ApplicationServiceIntegrationalTest" name="testChangeEntityNameNoChanges"/>
  <testcase time="0.008" classname="com.payment.application.ApplicationServiceIntegrationalTest" name="testChangeEntityNameWhenNoEntitiesWithNameStartsWithE"/>
</testsuite>